0 info it worked if it ends with ok
1 verbose cli [ '/usr/bin/nodejs',
1 verbose cli   '/usr/bin/npm',
1 verbose cli   'install',
1 verbose cli   'jest-cli',
1 verbose cli   '—save-dev' ]
2 info using npm@1.3.10
3 info using node@v0.10.25
4 warn package.json quickblox_module@0.0.0 No repository field.
5 verbose readDependencies using package.json deps
6 verbose cache add [ 'jest-cli', null ]
7 verbose cache add name=undefined spec="jest-cli" args=["jest-cli",null]
8 verbose parsed url { protocol: null,
8 verbose parsed url   slashes: null,
8 verbose parsed url   auth: null,
8 verbose parsed url   host: null,
8 verbose parsed url   port: null,
8 verbose parsed url   hostname: null,
8 verbose parsed url   hash: null,
8 verbose parsed url   search: null,
8 verbose parsed url   query: null,
8 verbose parsed url   pathname: 'jest-cli',
8 verbose parsed url   path: 'jest-cli',
8 verbose parsed url   href: 'jest-cli' }
9 verbose cache add [ '—save-dev', null ]
10 verbose cache add name=undefined spec="—save-dev" args=["—save-dev",null]
11 verbose parsed url { protocol: null,
11 verbose parsed url   slashes: null,
11 verbose parsed url   auth: null,
11 verbose parsed url   host: null,
11 verbose parsed url   port: null,
11 verbose parsed url   hostname: null,
11 verbose parsed url   hash: null,
11 verbose parsed url   search: null,
11 verbose parsed url   query: null,
11 verbose parsed url   pathname: '—save-dev',
11 verbose parsed url   path: '—save-dev',
11 verbose parsed url   href: '—save-dev' }
12 silly lockFile 58b22e81-jest-cli jest-cli
13 verbose lock jest-cli /home/shu/.npm/58b22e81-jest-cli.lock
14 silly lockFile aef4ff72-save-dev —save-dev
15 verbose lock —save-dev /home/shu/.npm/aef4ff72-save-dev.lock
16 silly lockFile 58b22e81-jest-cli jest-cli
17 silly lockFile 58b22e81-jest-cli jest-cli
18 silly lockFile aef4ff72-save-dev —save-dev
19 silly lockFile aef4ff72-save-dev —save-dev
20 verbose addNamed [ 'jest-cli', '' ]
21 verbose addNamed [ null, '*' ]
22 silly lockFile d4fad365-jest-cli jest-cli@
23 verbose lock jest-cli@ /home/shu/.npm/d4fad365-jest-cli.lock
24 verbose addNamed [ '—save-dev', '' ]
25 verbose addNamed [ null, '*' ]
26 silly lockFile 3c95c2cd-save-dev —save-dev@
27 verbose lock —save-dev@ /home/shu/.npm/3c95c2cd-save-dev.lock
28 silly addNameRange { name: 'jest-cli', range: '*', hasData: false }
29 silly addNameRange { name: '—save-dev', range: '*', hasData: false }
30 verbose url raw —save-dev
31 verbose url resolving [ 'https://registry.npmjs.org/', './%E2%80%94save-dev' ]
32 verbose url resolved https://registry.npmjs.org/%E2%80%94save-dev
33 info trying registry request attempt 1 at 20:20:07
34 http GET https://registry.npmjs.org/%E2%80%94save-dev
35 verbose url raw jest-cli
36 verbose url resolving [ 'https://registry.npmjs.org/', './jest-cli' ]
37 verbose url resolved https://registry.npmjs.org/jest-cli
38 info trying registry request attempt 1 at 20:20:07
39 verbose etag "BBJKDPJXTSLKNIJKP6LCAI024"
40 http GET https://registry.npmjs.org/jest-cli
41 http 200 https://registry.npmjs.org/jest-cli
42 silly registry.get cb [ 200,
42 silly registry.get   { server: 'CouchDB/1.5.0 (Erlang OTP/R16B03)',
42 silly registry.get     etag: '"8HAN0V59WGC95RXHDPTSLR120"',
42 silly registry.get     'content-type': 'application/json',
42 silly registry.get     'cache-control': 'max-age=300',
42 silly registry.get     'content-length': '135812',
42 silly registry.get     'accept-ranges': 'bytes',
42 silly registry.get     date: 'Wed, 16 Mar 2016 03:20:08 GMT',
42 silly registry.get     via: '1.1 varnish',
42 silly registry.get     age: '160',
42 silly registry.get     connection: 'keep-alive',
42 silly registry.get     'x-served-by': 'cache-sjc3123-SJC',
42 silly registry.get     'x-cache': 'HIT',
42 silly registry.get     'x-cache-hits': '1',
42 silly registry.get     'x-timer': 'S1458098408.064806,VS0,VE1',
42 silly registry.get     vary: 'Accept' } ]
43 http 404 https://registry.npmjs.org/%E2%80%94save-dev
44 silly registry.get cb [ 404,
44 silly registry.get   { 'content-type': 'application/json',
44 silly registry.get     'cache-control': 'max-age=0',
44 silly registry.get     'content-length': '73',
44 silly registry.get     'accept-ranges': 'bytes',
44 silly registry.get     date: 'Wed, 16 Mar 2016 03:20:08 GMT',
44 silly registry.get     via: '1.1 varnish',
44 silly registry.get     age: '0',
44 silly registry.get     connection: 'keep-alive',
44 silly registry.get     'x-served-by': 'cache-sjc3124-SJC',
44 silly registry.get     'x-cache': 'MISS',
44 silly registry.get     'x-cache-hits': '0',
44 silly registry.get     'x-timer': 'S1458098408.064187,VS0,VE163' } ]
45 silly addNameRange number 2 { name: 'jest-cli', range: '*', hasData: true }
46 silly addNameRange versions [ 'jest-cli',
46 silly addNameRange   [ '0.0.2-pre',
46 silly addNameRange     '0.0.3-pre',
46 silly addNameRange     '0.0.4-pre',
46 silly addNameRange     '0.0.5-pre',
46 silly addNameRange     '0.0.6-pre',
46 silly addNameRange     '0.0.7-pre',
46 silly addNameRange     '0.0.8-pre',
46 silly addNameRange     '0.0.9-pre',
46 silly addNameRange     '0.0.10-pre',
46 silly addNameRange     '0.1.0',
46 silly addNameRange     '0.1.1',
46 silly addNameRange     '0.1.2',
46 silly addNameRange     '0.1.3',
46 silly addNameRange     '0.1.4',
46 silly addNameRange     '0.1.5',
46 silly addNameRange     '0.1.6',
46 silly addNameRange     '0.1.7',
46 silly addNameRange     '0.1.8',
46 silly addNameRange     '0.1.9',
46 silly addNameRange     '0.1.10',
46 silly addNameRange     '0.1.11',
46 silly addNameRange     '0.1.12',
46 silly addNameRange     '0.1.13',
46 silly addNameRange     '0.1.14',
46 silly addNameRange     '0.1.15',
46 silly addNameRange     '0.1.16',
46 silly addNameRange     '0.1.17',
46 silly addNameRange     '0.1.18',
46 silly addNameRange     '0.2.0',
46 silly addNameRange     '0.2.1',
46 silly addNameRange     '0.2.2',
46 silly addNameRange     '0.3.0',
46 silly addNameRange     '0.4.0',
46 silly addNameRange     '0.4.1',
46 silly addNameRange     '0.4.2',
46 silly addNameRange     '0.4.3',
46 silly addNameRange     '0.4.4',
46 silly addNameRange     '0.4.5',
46 silly addNameRange     '0.4.7',
46 silly addNameRange     '0.4.8',
46 silly addNameRange     '0.4.9',
46 silly addNameRange     '0.4.10',
46 silly addNameRange     '0.4.11',
46 silly addNameRange     '0.4.12',
46 silly addNameRange     '0.4.13',
46 silly addNameRange     '0.4.14',
46 silly addNameRange     '0.4.15',
46 silly addNameRange     '0.4.16',
46 silly addNameRange     '0.4.17',
46 silly addNameRange     '0.4.18',
46 silly addNameRange     '0.5.0',
46 silly addNameRange     '0.4.19',
46 silly addNameRange     '0.5.1',
46 silly addNameRange     '0.5.2',
46 silly addNameRange     '0.5.3',
46 silly addNameRange     '0.5.4',
46 silly addNameRange     '0.5.5',
46 silly addNameRange     '0.5.6',
46 silly addNameRange     '0.5.7',
46 silly addNameRange     '0.5.8',
46 silly addNameRange     '0.5.10',
46 silly addNameRange     '0.6.0',
46 silly addNameRange     '0.6.1',
46 silly addNameRange     '0.7.0',
46 silly addNameRange     '0.7.1',
46 silly addNameRange     '0.8.0',
46 silly addNameRange     '0.8.1',
46 silly addNameRange     '0.8.2',
46 silly addNameRange     '0.9.0-fb1',
46 silly addNameRange     '0.9.0-fb2',
46 silly addNameRange     '0.9.0-fb3',
46 silly addNameRange     '0.9.0',
46 silly addNameRange     '0.9.1',
46 silly addNameRange     '0.9.2' ] ]
47 verbose addNamed [ 'jest-cli', '0.9.2' ]
48 verbose addNamed [ '0.9.2', '0.9.2' ]
49 silly lockFile 1ba36051-jest-cli-0-9-2 jest-cli@0.9.2
50 verbose lock jest-cli@0.9.2 /home/shu/.npm/1ba36051-jest-cli-0-9-2.lock
51 silly addNameRange number 2 { name: '—save-dev', range: '*', hasData: true }
52 silly addNameRange versions [ undefined, [] ]
53 error TypeError: Cannot read property 'latest' of undefined
53 error     at next (/usr/share/npm/lib/cache.js:687:35)
53 error     at /usr/share/npm/lib/cache.js:675:5
53 error     at saved (/usr/share/npm/node_modules/npm-registry-client/lib/get.js:142:7)
53 error     at /usr/lib/nodejs/graceful-fs/polyfills.js:133:7
53 error     at Object.oncomplete (fs.js:107:15)
54 error If you need help, you may report this log at:
54 error     <http://github.com/isaacs/npm/issues>
54 error or email it to:
54 error     <npm-@googlegroups.com>
55 error System Linux 3.19.0-51-generic
56 error command "/usr/bin/nodejs" "/usr/bin/npm" "install" "jest-cli" "—save-dev"
57 error cwd /media/Storage/Projects/comi
58 error node -v v0.10.25
59 error npm -v 1.3.10
60 error type non_object_property_load
61 verbose exit [ 1, true ]
